GROUP,PACKAGE,CLASS,INSTRUCTION_MISSED,INSTRUCTION_COVERED,BRANCH_MISSED,BRANCH_COVERED,LINE_MISSED,LINE_COVERED,COMPLEXITY_MISSED,COMPLEXITY_COVERED,METHOD_MISSED,METHOD_COVERED
finder,com.mycompany.app,App,4,0,0,0,2,0,2,0,2,0
finder,com.mycompany.app.finder.scanner,Scanner,42,76,3,3,10,17,4,4,1,4
finder,com.mycompany.app.finder.reader,LinkReader,15,89,0,6,3,20,0,7,0,4
finder,com.mycompany.app.finder,UrlParser,376,0,28,0,69,0,21,0,7,0
finder,com.mycompany.app.finder,UrlParser.Link,18,0,0,0,6,0,2,0,2,0
finder,com.mycompany.app.finder,Finder,38,117,1,11,8,28,4,9,3,4
finder,com.mycompany.app.finder,ProcessedLinksContainer,19,44,0,0,4,10,1,4,1,4
finder,com.mycompany.app.finder,Link,9,18,0,0,3,7,3,2,3,2
finder,com.mycompany.app.finder.writer,LinkWriter,4,0,0,0,3,0,2,0,2,0
